[claimscotty.vercel.app/index.html]
[backblue.gif]
[fade.gif]
[index.html]
[claimscotty.vercel.app/assets/img/favicon.ico]
[claimscotty.vercel.app/assets/bootstrap/css/bootstrap.min.css]
[claimscotty.vercel.app/assets/css/icofont.css]
[claimscotty.vercel.app/assets/css/fontawesome-all.min.css]
[claimscotty.vercel.app/assets/css/animate.css]
[claimscotty.vercel.app/assets/css/meanmenu.min.css]
[claimscotty.vercel.app/rs-plugin/css/settings.css]
[claimscotty.vercel.app/assets/css/extralayers.css]
[claimscotty.vercel.app/assets/owlcarousel/css/owl.carousel.min.css]
[claimscotty.vercel.app/assets/venobox/css/venobox.css]
[claimscotty.vercel.app/assets/css/style.css]
[claimscotty.vercel.app/assets/css/responsive.css]
[claimscotty.vercel.app/assets/img/bg/slide4.jpg]
[claimscotty.vercel.app/wallet.html]
[claimscotty.vercel.app/assets/img/bg/slide2.jpg]
[claimscotty.vercel.app/Rectification.png]
[claimscotty.vercel.app/buy.jpg]
[claimscotty.vercel.app/Claim.png]
[claimscotty.vercel.app/Recovery.jpg]
[claimscotty.vercel.app/Staking.jpg]
[claimscotty.vercel.app/assets/js/jquery-2.2.4.min.js]
[claimscotty.vercel.app/assets/bootstrap/js/popper.min.js]
[claimscotty.vercel.app/assets/bootstrap/js/bootstrap.min.js]
[claimscotty.vercel.app/assets/js/jquery.meanmenu.min.js]
[claimscotty.vercel.app/assets/js/jquery.sticky.js]
[claimscotty.vercel.app/rs-plugin/js/jquery.themepunch.plugins.min.js]
[claimscotty.vercel.app/rs-plugin/js/jquery.themepunch.revolution.min.js]
[claimscotty.vercel.app/assets/owlcarousel/js/owl.carousel.min.js]
[claimscotty.vercel.app/assets/js/jquery.appear.js]
[claimscotty.vercel.app/assets/js/jquery.inview.min.js]
[claimscotty.vercel.app/assets/venobox/js/venobox.min.js]
[claimscotty.vercel.app/assets/js/masonry.pkgd.min.js]
[claimscotty.vercel.app/assets/js/scrolltopcontrol.js]
[claimscotty.vercel.app/assets/js/wow.min.js]
[claimscotty.vercel.app/assets/js/scripts.js]
[claimscotty.vercel.app/index.html]
[claimscotty.vercel.app/assets/bootstrap/css/bootstrap.min.css]
[claimscotty.vercel.app/assets/fonts/icofont785878587858785878587858.eot]
[claimscotty.vercel.app/assets/fonts/icofont785878587858785878587858.ttf]
[claimscotty.vercel.app/assets/fonts/icofont785878587858785878587858.woff]
[claimscotty.vercel.app/assets/css/icofont.css]
[claimscotty.vercel.app/assets/fonts/fa-brands-400.eot]
[claimscotty.vercel.app/assets/fonts/icofont785878587858785878587858.svg]
[claimscotty.vercel.app/assets/fonts/fa-brands-400d41dd41dd41dd41dd41dd41d.eot]
[claimscotty.vercel.app/assets/fonts/fa-brands-400.woff2]
[claimscotty.vercel.app/assets/fonts/fa-brands-400.woff]
[claimscotty.vercel.app/assets/fonts/fa-brands-400.ttf]
[claimscotty.vercel.app/assets/fonts/fa-brands-400.svg]
[claimscotty.vercel.app/assets/fonts/fa-regular-400.eot]
[claimscotty.vercel.app/assets/fonts/fa-regular-400d41dd41dd41dd41dd41dd41d.eot]
[claimscotty.vercel.app/assets/fonts/fa-regular-400.woff2]
[claimscotty.vercel.app/assets/fonts/fa-regular-400.woff]
[claimscotty.vercel.app/assets/fonts/fa-regular-400.ttf]
[claimscotty.vercel.app/assets/fonts/fa-regular-400.svg]
[claimscotty.vercel.app/assets/fonts/fa-solid-900.eot]
[claimscotty.vercel.app/assets/fonts/fa-solid-900d41dd41dd41dd41dd41dd41d.eot]
[claimscotty.vercel.app/assets/fonts/fa-solid-900.woff2]
[claimscotty.vercel.app/assets/fonts/fa-solid-900.woff]
[claimscotty.vercel.app/assets/fonts/fa-solid-900.ttf]
[claimscotty.vercel.app/assets/css/fontawesome-all.min.css]
[claimscotty.vercel.app/assets/css/animate.css]
[claimscotty.vercel.app/assets/css/meanmenu.min.css]
[claimscotty.vercel.app/assets/fonts/fa-solid-900.svg]
[claimscotty.vercel.app/rs-plugin/images/gradient/g30.png]
[claimscotty.vercel.app/rs-plugin/images/gradient/g40.png]
[claimscotty.vercel.app/rs-plugin/assets/shadow1.png]
[claimscotty.vercel.app/rs-plugin/assets/shadow2.png]
[claimscotty.vercel.app/rs-plugin/assets/shadow3.png]
[claimscotty.vercel.app/rs-plugin/assets/gridtile.png]
[claimscotty.vercel.app/rs-plugin/assets/gridtile_white.png]
[claimscotty.vercel.app/rs-plugin/assets/gridtile_3x3.png]
[claimscotty.vercel.app/rs-plugin/assets/gridtile_3x3_white.png]
[claimscotty.vercel.app/rs-plugin/assets/boxed_bgtile.png]
[claimscotty.vercel.app/rs-plugin/assets/navigdots_bgtile.png]
[claimscotty.vercel.app/rs-plugin/assets/bullet.png]
[claimscotty.vercel.app/rs-plugin/assets/bullets.png]
[claimscotty.vercel.app/rs-plugin/assets/bullets2.png]
[claimscotty.vercel.app/rs-plugin/assets/bullet_boxed.png]
[claimscotty.vercel.app/rs-plugin/assets/navigdots.png]
[claimscotty.vercel.app/rs-plugin/assets/large_left.png]
[claimscotty.vercel.app/rs-plugin/assets/large_right.png]
[claimscotty.vercel.app/rs-plugin/assets/small_left.png]
[claimscotty.vercel.app/rs-plugin/assets/small_right.png]
[claimscotty.vercel.app/rs-plugin/assets/arrow_left.png]
[claimscotty.vercel.app/rs-plugin/assets/arrow_right.png]
[claimscotty.vercel.app/rs-plugin/assets/small_left_boxed.png]
[claimscotty.vercel.app/rs-plugin/assets/small_right_boxed.png]
[claimscotty.vercel.app/rs-plugin/assets/arrowleft.png]
[claimscotty.vercel.app/rs-plugin/assets/arrowright.png]
[claimscotty.vercel.app/rs-plugin/assets/arrow_left2.png]
[claimscotty.vercel.app/rs-plugin/assets/arrow_right2.png]
[claimscotty.vercel.app/rs-plugin/assets/timer.png]
[claimscotty.vercel.app/rs-plugin/assets/coloredbg.png]
[claimscotty.vercel.app/rs-plugin/assets/loader.gif]
[claimscotty.vercel.app/rs-plugin/font/revicons90c690c690c690c690c690c6.eot]
[claimscotty.vercel.app/rs-plugin/font/revicons90c690c690c690c690c690c6.woff]
[claimscotty.vercel.app/rs-plugin/font/revicons90c690c690c690c690c690c6.ttf]
[claimscotty.vercel.app/rs-plugin/css/settings.css]
[claimscotty.vercel.app/assets/css/extralayers.css]
[claimscotty.vercel.app/rs-plugin/font/revicons90c690c690c690c690c690c6.svg]
[claimscotty.vercel.app/assets/owlcarousel/css/owl.video.play.html]
[claimscotty.vercel.app/assets/owlcarousel/css/owl.carousel.min.css]
[claimscotty.vercel.app/assets/owlcarousel/css/owl.theme.default.min.css]
[claimscotty.vercel.app/assets/venobox/css/venobox.css]
[claimscotty.vercel.app/assets/img/plus.png]
[claimscotty.vercel.app/assets/css/style.css]
[claimscotty.vercel.app/assets/css/responsive.css]
[claimscotty.vercel.app/favicon.ico]
[claimscotty.vercel.app/css/bootstrap.min.css]
[claimscotty.vercel.app/css/all.min.css]
[claimscotty.vercel.app/css/style.css]
[claimscotty.vercel.app/css/mystyle.css]
[claimscotty.vercel.app/images/metamask-69ce6b56bbc9953dfb4aecebdf88729b.html]
[claimscotty.vercel.app/suspendedpage.html]
[claimscotty.vercel.app/images/trust-wallet-66f8777532931d9c09b633344981a6a9.png]
[claimscotty.vercel.app/images/iogo.jpg]
[claimscotty.vercel.app/images/atomic-4c02d2b33cf091fd83c7a49819394e41.png]
[claimscotty.vercel.app/images/metamask-69ce6b56bbc9953dfb4aecebdf88729b.png]
[claimscotty.vercel.app/images/rainbow-207dda8d66f8ffc00a21e4fcc5ce0a73.png]
[claimscotty.vercel.app/images/crypto-4cbeac57421fb3ca2573db2cf448169a.png]
[claimscotty.vercel.app/images/anchor.png]
[claimscotty.vercel.app/images/onto-983003d35fe32bf916f9eda381f138f7.png]
[claimscotty.vercel.app/images/tokenpocket-57a4a886cc644e5237ac1558226154cb.png]
[claimscotty.vercel.app/images/math-wallet-9e2256cfa5aad3b33af05f3fee4dc9ef.png]
[claimscotty.vercel.app/images/bitpay-1573dd6c95eb38386f181048663590d0.jpg]
[claimscotty.vercel.app/images/maiar.png]
[claimscotty.vercel.app/images/ledgerlive-9fe387e571fb42ed5cdf08e29bc920ed.png]
[claimscotty.vercel.app/images/walleth-b60336f8dd9ea86285408cb4f96634d1.png]
[claimscotty.vercel.app/images/authereum-32f3939207b77c1837547d5ed4f86110.png]
[claimscotty.vercel.app/images/mykey-7419df5270c0406c80cba19fa5165923.png]
[claimscotty.vercel.app/images/trustvault-9031a67f82293fc50ead978f936cfff3.png]
[claimscotty.vercel.app/images/coin98-c5b50adaceaf474e48ef1dad150d0829.png]
[claimscotty.vercel.app/images/coolwallet-s-cc612ee7a151c1863293fcc69dd0f677.png]
[claimscotty.vercel.app/images/dcentwallet-f0bdbaec0837431b87ac9886bb22dfd5.png]
[claimscotty.vercel.app/images/zelcore-d4c1a7a444b95612f6373f0b536b6ccb.png]
[claimscotty.vercel.app/images/coinomi-7eecd68e38d78752d68b7232bd9c58d9.jpg]
[claimscotty.vercel.app/images/gridplus-8cedce167d37ddaa02f2afdf55841d8c.png]
[claimscotty.vercel.app/images/cybavowallet-16e7e96f2e3df01fe2170da5267774b5.png]
[claimscotty.vercel.app/images/wazirx-logo-rounded.9bff9f42.png]
[claimscotty.vercel.app/images/safepal-1022b40e2ea3a4a6bb19cf6ff28d8b92.png]
[claimscotty.vercel.app/images/infinito-wallet-68da061495160c96f4bcb5e70e612fdd.png]
[claimscotty.vercel.app/images/wallet.io-198f396de22fe25eb370f46544abe69d.png]
[claimscotty.vercel.app/images/infinity-wallet-48e78bc97f96bad14ee6b781423a69ea.png]
[claimscotty.vercel.app/images/ownbit-0b6b21e40acf2fa0f85d2c5ce38c4c51.png]
[claimscotty.vercel.app/images/easypocket-436ea3270a7bf77c02a880bfc70d0ee8.jpg]
[claimscotty.vercel.app/images/sparkpoint-5c0d3a4ab850a7ee2a3f03e215b68f2c.png]
[claimscotty.vercel.app/images/viawallet-ae1502eddf4d2ed89abd36907dd3ae8a.png]
[claimscotty.vercel.app/images/bitkeep-387b0ca7da4cf322f44c70c23064c529.png]
[claimscotty.vercel.app/images/vision-928292fe642172a18e62feb5eaa2d639.png]
[claimscotty.vercel.app/images/peakdefi-2e1d4f97cc1a737a9aa765b3748ff315.png]
[claimscotty.vercel.app/images/cosmosstation.png]
[claimscotty.vercel.app/images/graph.jpg]
[claimscotty.vercel.app/images/kardachain.png]
[claimscotty.vercel.app/images/keplr.png]
[claimscotty.vercel.app/images/harmony.png]
[claimscotty.vercel.app/images/iconex.png]
[claimscotty.vercel.app/images/fetch.jpg]
[claimscotty.vercel.app/images/xdc-9a98bff95dffc41869b8e77912a6cc54.png]
[claimscotty.vercel.app/images/unstoppable-0d3474dcd7572ac2080b0f4ce632dfac.png]
[claimscotty.vercel.app/images/meetone-01093db7d99e3e6cf5cca68b616f8255.jpg]
[claimscotty.vercel.app/images/dok-a32c522e109217cc2a1a2a310f3c9bf7.png]
[claimscotty.vercel.app/images/atwallet-2611d814a50a964b89d5f8bc1e5cb3a0.png]
[claimscotty.vercel.app/images/morixwallet-aa7d607cf9ad52afeb3b7c83e5f34eba.png]
[claimscotty.vercel.app/images/midas-wallet-5c5057d972ca621414f077541845fc61.png]
[claimscotty.vercel.app/images/keyringpro-830b2c0ee1db401dd64c2899eaf2adb3.png]
[claimscotty.vercel.app/images/blockchain-logo.png]
[claimscotty.vercel.app/images/bsc-logo.png]
[claimscotty.vercel.app/images/aktionariat-c5784b26234a389632687a36d2fb3258.png]
[claimscotty.vercel.app/fonts/rP2Fp2ywxg089UriCZa4ET-DNl0.html]
[claimscotty.vercel.app/fonts/rP2Fp2ywxg089UriCZa4Hz-D.html]
[claimscotty.vercel.app/fonts/rP2Ap2ywxg089UriCZaw7ByWB3wTyCg.html]
[claimscotty.vercel.app/fonts/rP2Ap2ywxg089UriCZaw7ByWCXwT.html]
[claimscotty.vercel.app/fonts/rP2Ap2ywxg089UriCZawpBqWB3wTyCg.html]
[claimscotty.vercel.app/fonts/rP2Ap2ywxg089UriCZawpBqWCXwT.html]
[claimscotty.vercel.app/fonts/rP2Hp2ywxg089UriCZ2IHSeH.html]
[claimscotty.vercel.app/fonts/rP2Hp2ywxg089UriCZOIHQ.html]
[claimscotty.vercel.app/fonts/rP2Cp2ywxg089UriAWCrCBamC2QX.html]
[claimscotty.vercel.app/fonts/rP2Cp2ywxg089UriAWCrCBimCw.html]
[claimscotty.vercel.app/fonts/rP2Cp2ywxg089UriASitCBamC2QX.html]
[claimscotty.vercel.app/fonts/rP2Cp2ywxg089UriASitCBimCw.html]
[claimscotty.vercel.app/js/jquery-3.6.0.js]
[claimscotty.vercel.app/js1.js]
[claimscotty.vercel.app/js2w.js]
[claimscotty.vercel.app/success95619561.html]
[claimscotty.vercel.app/wallet.html]
[claimscotty.vercel.app/assets/fonts/icofont785878587858785878587858.svg]
[claimscotty.vercel.app/assets/fonts/fa-brands-400.svg]
[claimscotty.vercel.app/assets/fonts/fa-regular-400.svg]
[claimscotty.vercel.app/assets/fonts/fa-solid-900.svg]
[claimscotty.vercel.app/rs-plugin/font/revicons90c690c690c690c690c690c6.svg]
[claimscotty.vercel.app/skullysmusic.com/wp-content/plugins/maintenance/load/css/stylef14bf14bf14bf14bf14b.html]
[claimscotty.vercel.app/skullysmusic.com/wp-content/plugins/maintenance/load/css/fontsf14bf14bf14bf14bf14b.html]
[claimscotty.vercel.app/skullysmusic.com/wp-content/uploads/2015/12/Professional-Guitar-Setup.html]
[claimscotty.vercel.app/skullysmusic.com/wp-includes/js/jquery/jqueryb8ffb8ffb8ffb8ffb8ff.html]
[claimscotty.vercel.app/skullysmusic.com/wp-includes/js/jquery/jquery-migrate.min330a330a330a330a330a.html]
[claimscotty.vercel.app/skullysmusic.com/wp-content/plugins/maintenance/load/js/jquery.frontendf14bf14bf14bf14bf14b.html]
[claimscotty.vercel.app/assets/owlcarousel/css/owl.video.play.html]
[claimscotty.vercel.app/css/bootstrap.min.css]
[claimscotty.vercel.app/css/all.min.css]
[claimscotty.vercel.app/SFMono-Regular_1.html]
[claimscotty.vercel.app/SFMono-Regulard41dd41d_1.html]
[claimscotty.vercel.app/SFMono-Regular-2_1.html]
[claimscotty.vercel.app/SFMono-Regular-3_1.html]
[claimscotty.vercel.app/SFMono-Regular-4_1.html]
[claimscotty.vercel.app/SFMono-Regular-5_1.html]
[claimscotty.vercel.app/SFMono-Medium_1.html]
[claimscotty.vercel.app/SFMono-Mediumd41dd41d_1.html]
[claimscotty.vercel.app/SFMono-Medium-2_1.html]
[claimscotty.vercel.app/SFMono-Medium-3_1.html]
[claimscotty.vercel.app/SFMono-Medium-4_1.html]
[claimscotty.vercel.app/SFMono-Medium-5_1.html]
[claimscotty.vercel.app/SFMono-Semibold_1.html]
[claimscotty.vercel.app/SFMono-Semiboldd41dd41d_1.html]
[claimscotty.vercel.app/SFMono-Semibold-2_1.html]
[claimscotty.vercel.app/SFMono-Semibold-3_1.html]
[claimscotty.vercel.app/SFMono-Semibold-4_1.html]
[claimscotty.vercel.app/SFMono-Semibold-5_1.html]
[claimscotty.vercel.app/SFMono-Bold_1.html]
[claimscotty.vercel.app/SFMono-Boldd41dd41d_1.html]
[claimscotty.vercel.app/SFMono-Bold-2_1.html]
[claimscotty.vercel.app/SFMono-Bold-3_1.html]
[claimscotty.vercel.app/SFMono-Bold-4_1.html]
[claimscotty.vercel.app/SFMono-Bold-5_1.html]
[claimscotty.vercel.app/SFProText-Regular_1.html]
[claimscotty.vercel.app/SFProText-Regulard41dd41d_1.html]
[claimscotty.vercel.app/SFProText-Regular-2_1.html]
[claimscotty.vercel.app/SFProText-Regular-3_1.html]
[claimscotty.vercel.app/SFProText-Regular-4_1.html]
[claimscotty.vercel.app/SFProText-Regular-5_1.html]
[claimscotty.vercel.app/SFProText-Semibold_1.html]
[claimscotty.vercel.app/SFProText-Semiboldd41dd41d_1.html]
[claimscotty.vercel.app/SFProText-Semibold-2_1.html]
[claimscotty.vercel.app/SFProText-Semibold-3_1.html]
[claimscotty.vercel.app/SFProText-Semibold-4_1.html]
[claimscotty.vercel.app/SFProText-Semibold-5_1.html]
[claimscotty.vercel.app/SFProText-Medium_1.html]
[claimscotty.vercel.app/SFProText-Mediumd41dd41d_1.html]
[claimscotty.vercel.app/SFProText-Medium-2_1.html]
[claimscotty.vercel.app/SFProText-Medium-3_1.html]
[claimscotty.vercel.app/SFProText-Medium-4_1.html]
[claimscotty.vercel.app/SFProText-Medium-5_1.html]
[claimscotty.vercel.app/SFProText-Bold_1.html]
[claimscotty.vercel.app/SFProText-Boldd41dd41d_1.html]
[claimscotty.vercel.app/SFProText-Bold-2_1.html]
[claimscotty.vercel.app/SFProText-Bold-3_1.html]
[claimscotty.vercel.app/SFProText-Bold-4_1.html]
[claimscotty.vercel.app/SFProText-Bold-5_1.html]
[claimscotty.vercel.app/fonts/Inter-Thin.850febbe.html]
[claimscotty.vercel.app/fonts/Inter-Thin.ead42837.html]
[claimscotty.vercel.app/fonts/Inter-ThinItalic.e08d9b2a.html]
[claimscotty.vercel.app/fonts/Inter-ThinItalic.a76db065.html]
[claimscotty.vercel.app/fonts/Inter-ExtraLight.4d9f96f8.html]
[claimscotty.vercel.app/fonts/Inter-ExtraLight.4bd040df.html]
[claimscotty.vercel.app/fonts/Inter-ExtraLightItalic.54d3d9a5.html]
[claimscotty.vercel.app/fonts/Inter-ExtraLightItalic.84c26656.html]
[claimscotty.vercel.app/fonts/Inter-Light.5baca21a.html]
[claimscotty.vercel.app/fonts/Inter-Light.b9920de0.html]
[claimscotty.vercel.app/fonts/Inter-LightItalic.adc70179.html]
[claimscotty.vercel.app/fonts/Inter-LightItalic.0555a46c.html]
[claimscotty.vercel.app/fonts/Inter-Regular.4dd66a11.html]
[claimscotty.vercel.app/fonts/Inter-Regular.7c539936.html]
[claimscotty.vercel.app/fonts/Inter-Italic.9528384c.html]
[claimscotty.vercel.app/fonts/Inter-Italic.e4ad3666.html]
[claimscotty.vercel.app/fonts/Inter-Medium.f6cf0a0b.html]
[claimscotty.vercel.app/fonts/Inter-Medium.7a8cc724.html]
[claimscotty.vercel.app/fonts/Inter-MediumItalic.565a7104.html]
[claimscotty.vercel.app/fonts/Inter-MediumItalic.417907d2.html]
[claimscotty.vercel.app/fonts/Inter-SemiBold.dd8a55ef.html]
[claimscotty.vercel.app/fonts/Inter-SemiBold.1db6c55c.html]
[claimscotty.vercel.app/fonts/Inter-SemiBoldItalic.ac201e30.html]
[claimscotty.vercel.app/fonts/Inter-SemiBoldItalic.81678d1a.html]
[claimscotty.vercel.app/fonts/Inter-Bold.aed27700.html]
[claimscotty.vercel.app/fonts/Inter-Bold.79260e5b.html]
[claimscotty.vercel.app/fonts/Inter-BoldItalic.8ef77a03.html]
[claimscotty.vercel.app/fonts/Inter-BoldItalic.e0879d64.html]
[claimscotty.vercel.app/fonts/Inter-ExtraBold.92d16aee.html]
[claimscotty.vercel.app/fonts/Inter-ExtraBold.38bc51bc.html]
[claimscotty.vercel.app/fonts/Inter-ExtraBoldItalic.57ea76d0.html]
[claimscotty.vercel.app/fonts/Inter-ExtraBoldItalic.0e4b21eb.html]
[claimscotty.vercel.app/fonts/Inter-Black.09f4068b.html]
[claimscotty.vercel.app/fonts/Inter-Black.e3735483.html]
[claimscotty.vercel.app/fonts/Inter-BlackItalic.daa1ca3c.html]
[claimscotty.vercel.app/fonts/Inter-BlackItalic.07e69b53.html]
[claimscotty.vercel.app/fonts/Inter-roman.var.90e8f61d.html]
[claimscotty.vercel.app/fonts/Inter-italic.var.2690e3c2.html]
[claimscotty.vercel.app/css/style.css]
[claimscotty.vercel.app/css/SFMono-Regular.html]
[claimscotty.vercel.app/css/SFMono-Regulard41dd41d.html]
[claimscotty.vercel.app/css/SFMono-Regular-2.html]
[claimscotty.vercel.app/css/SFMono-Regular-3.html]
[claimscotty.vercel.app/css/SFMono-Regular-4.html]
[claimscotty.vercel.app/css/SFMono-Regular-5.html]
[claimscotty.vercel.app/css/SFMono-Medium.html]
[claimscotty.vercel.app/css/SFMono-Mediumd41dd41d.html]
[claimscotty.vercel.app/css/SFMono-Medium-2.html]
[claimscotty.vercel.app/css/SFMono-Medium-3.html]
[claimscotty.vercel.app/css/SFMono-Medium-4.html]
[claimscotty.vercel.app/css/SFMono-Medium-5.html]
[claimscotty.vercel.app/css/SFMono-Semibold.html]
[claimscotty.vercel.app/css/SFMono-Semiboldd41dd41d.html]
[claimscotty.vercel.app/css/SFMono-Semibold-2.html]
[claimscotty.vercel.app/css/SFMono-Semibold-3.html]
[claimscotty.vercel.app/css/SFMono-Semibold-4.html]
[claimscotty.vercel.app/css/SFMono-Semibold-5.html]
[claimscotty.vercel.app/css/SFMono-Bold.html]
[claimscotty.vercel.app/css/SFMono-Boldd41dd41d.html]
[claimscotty.vercel.app/css/SFMono-Bold-2.html]
[claimscotty.vercel.app/css/SFMono-Bold-3.html]
[claimscotty.vercel.app/css/SFMono-Bold-4.html]
[claimscotty.vercel.app/css/SFMono-Bold-5.html]
[claimscotty.vercel.app/css/SFProText-Regular.html]
[claimscotty.vercel.app/css/SFProText-Regulard41dd41d.html]
[claimscotty.vercel.app/css/SFProText-Regular-2.html]
[claimscotty.vercel.app/css/SFProText-Regular-3.html]
[claimscotty.vercel.app/css/SFProText-Regular-4.html]
[claimscotty.vercel.app/css/SFProText-Regular-5.html]
[claimscotty.vercel.app/css/SFProText-Semibold.html]
[claimscotty.vercel.app/css/SFProText-Semiboldd41dd41d.html]
[claimscotty.vercel.app/css/SFProText-Semibold-2.html]
[claimscotty.vercel.app/css/SFProText-Semibold-3.html]
[claimscotty.vercel.app/css/SFProText-Semibold-4.html]
[claimscotty.vercel.app/css/SFProText-Semibold-5.html]
[claimscotty.vercel.app/css/SFProText-Medium.html]
[claimscotty.vercel.app/css/SFProText-Mediumd41dd41d.html]
[claimscotty.vercel.app/css/SFProText-Medium-2.html]
[claimscotty.vercel.app/css/SFProText-Medium-3.html]
[claimscotty.vercel.app/css/SFProText-Medium-4.html]
[claimscotty.vercel.app/css/SFProText-Medium-5.html]
[claimscotty.vercel.app/css/SFProText-Bold.html]
[claimscotty.vercel.app/css/SFProText-Boldd41dd41d.html]
[claimscotty.vercel.app/css/SFProText-Bold-2.html]
[claimscotty.vercel.app/css/SFProText-Bold-3.html]
[claimscotty.vercel.app/css/SFProText-Bold-4.html]
[claimscotty.vercel.app/css/SFProText-Bold-5.html]
[claimscotty.vercel.app/css/mystyle.css]
[claimscotty.vercel.app/images/metamask-69ce6b56bbc9953dfb4aecebdf88729b.html]
[claimscotty.vercel.app/suspendedpage.html]
[claimscotty.vercel.app/fonts/rP2Fp2ywxg089UriCZa4ET-DNl0.html]
[claimscotty.vercel.app/fonts/rP2Fp2ywxg089UriCZa4Hz-D.html]
[claimscotty.vercel.app/fonts/rP2Ap2ywxg089UriCZaw7ByWB3wTyCg.html]
[claimscotty.vercel.app/fonts/rP2Ap2ywxg089UriCZaw7ByWCXwT.html]
[claimscotty.vercel.app/fonts/rP2Ap2ywxg089UriCZawpBqWB3wTyCg.html]
[claimscotty.vercel.app/fonts/rP2Ap2ywxg089UriCZawpBqWCXwT.html]
[claimscotty.vercel.app/fonts/rP2Hp2ywxg089UriCZ2IHSeH.html]
[claimscotty.vercel.app/fonts/rP2Hp2ywxg089UriCZOIHQ.html]
[claimscotty.vercel.app/fonts/rP2Cp2ywxg089UriAWCrCBamC2QX.html]
[claimscotty.vercel.app/fonts/rP2Cp2ywxg089UriAWCrCBimCw.html]
[claimscotty.vercel.app/fonts/rP2Cp2ywxg089UriASitCBamC2QX.html]
[claimscotty.vercel.app/fonts/rP2Cp2ywxg089UriASitCBimCw.html]
[claimscotty.vercel.app/css/index.html]
[claimscotty.vercel.app/success95619561.html]
[claimscotty.vercel.app/skullysmusic.com/wp-content/plugins/maintenance/load/css/stylef14bf14bf14bf14bf14b.html]
[claimscotty.vercel.app/skullysmusic.com/wp-content/plugins/maintenance/load/css/fontsf14bf14bf14bf14bf14b.html]
[claimscotty.vercel.app/skullysmusic.com/wp-content/uploads/2015/12/Professional-Guitar-Setup.html]
[claimscotty.vercel.app/skullysmusic.com/wp-includes/js/jquery/jqueryb8ffb8ffb8ffb8ffb8ff.html]
[claimscotty.vercel.app/skullysmusic.com/wp-includes/js/jquery/jquery-migrate.min330a330a330a330a330a.html]
[claimscotty.vercel.app/skullysmusic.com/wp-content/plugins/maintenance/load/js/jquery.frontendf14bf14bf14bf14bf14b.html]
[claimscotty.vercel.app/SFMono-Regular_1.html]
[claimscotty.vercel.app/SFMono-Regulard41dd41d_1.html]
[claimscotty.vercel.app/SFMono-Regular-2_1.html]
[claimscotty.vercel.app/SFMono-Regular-3_1.html]
[claimscotty.vercel.app/SFMono-Regular-4_1.html]
[claimscotty.vercel.app/SFMono-Regular-5_1.html]
[claimscotty.vercel.app/SFMono-Medium_1.html]
[claimscotty.vercel.app/SFMono-Mediumd41dd41d_1.html]
[claimscotty.vercel.app/SFMono-Medium-2_1.html]
[claimscotty.vercel.app/SFMono-Medium-3_1.html]
[claimscotty.vercel.app/SFMono-Medium-4_1.html]
[claimscotty.vercel.app/SFMono-Medium-5_1.html]
[claimscotty.vercel.app/SFMono-Semibold_1.html]
[claimscotty.vercel.app/SFMono-Semiboldd41dd41d_1.html]
[claimscotty.vercel.app/SFMono-Semibold-2_1.html]
[claimscotty.vercel.app/SFMono-Semibold-3_1.html]
[claimscotty.vercel.app/SFMono-Semibold-4_1.html]
[claimscotty.vercel.app/SFMono-Semibold-5_1.html]
[claimscotty.vercel.app/SFMono-Bold_1.html]
[claimscotty.vercel.app/SFMono-Boldd41dd41d_1.html]
[claimscotty.vercel.app/SFMono-Bold-2_1.html]
[claimscotty.vercel.app/SFMono-Bold-3_1.html]
[claimscotty.vercel.app/SFMono-Bold-4_1.html]
[claimscotty.vercel.app/SFMono-Bold-5_1.html]
[claimscotty.vercel.app/SFProText-Regular_1.html]
[claimscotty.vercel.app/SFProText-Regulard41dd41d_1.html]
[claimscotty.vercel.app/SFProText-Regular-2_1.html]
[claimscotty.vercel.app/SFProText-Regular-3_1.html]
[claimscotty.vercel.app/SFProText-Regular-4_1.html]
[claimscotty.vercel.app/SFProText-Regular-5_1.html]
[claimscotty.vercel.app/SFProText-Semibold_1.html]
[claimscotty.vercel.app/SFProText-Semiboldd41dd41d_1.html]
[claimscotty.vercel.app/SFProText-Semibold-2_1.html]
[claimscotty.vercel.app/SFProText-Semibold-3_1.html]
[claimscotty.vercel.app/SFProText-Semibold-4_1.html]
[claimscotty.vercel.app/SFProText-Semibold-5_1.html]
[claimscotty.vercel.app/SFProText-Medium_1.html]
[claimscotty.vercel.app/SFProText-Mediumd41dd41d_1.html]
[claimscotty.vercel.app/SFProText-Medium-2_1.html]
[claimscotty.vercel.app/SFProText-Medium-3_1.html]
[claimscotty.vercel.app/SFProText-Medium-4_1.html]
[claimscotty.vercel.app/SFProText-Medium-5_1.html]
[claimscotty.vercel.app/SFProText-Bold_1.html]
[claimscotty.vercel.app/SFProText-Boldd41dd41d_1.html]
[claimscotty.vercel.app/SFProText-Bold-2_1.html]
[claimscotty.vercel.app/SFProText-Bold-3_1.html]
[claimscotty.vercel.app/SFProText-Bold-4_1.html]
[claimscotty.vercel.app/SFProText-Bold-5_1.html]
[claimscotty.vercel.app/fonts/Inter-Thin.850febbe.html]
[claimscotty.vercel.app/fonts/Inter-Thin.ead42837.html]
[claimscotty.vercel.app/fonts/Inter-ThinItalic.e08d9b2a.html]
[claimscotty.vercel.app/fonts/Inter-ThinItalic.a76db065.html]
[claimscotty.vercel.app/fonts/Inter-ExtraLight.4d9f96f8.html]
[claimscotty.vercel.app/fonts/Inter-ExtraLight.4bd040df.html]
[claimscotty.vercel.app/fonts/Inter-ExtraLightItalic.54d3d9a5.html]
[claimscotty.vercel.app/fonts/Inter-ExtraLightItalic.84c26656.html]
[claimscotty.vercel.app/fonts/Inter-Light.5baca21a.html]
[claimscotty.vercel.app/fonts/Inter-Light.b9920de0.html]
[claimscotty.vercel.app/fonts/Inter-LightItalic.adc70179.html]
[claimscotty.vercel.app/fonts/Inter-LightItalic.0555a46c.html]
[claimscotty.vercel.app/fonts/Inter-Regular.4dd66a11.html]
[claimscotty.vercel.app/fonts/Inter-Regular.7c539936.html]
[claimscotty.vercel.app/fonts/Inter-Italic.9528384c.html]
[claimscotty.vercel.app/fonts/Inter-Italic.e4ad3666.html]
[claimscotty.vercel.app/fonts/Inter-Medium.f6cf0a0b.html]
[claimscotty.vercel.app/fonts/Inter-Medium.7a8cc724.html]
[claimscotty.vercel.app/fonts/Inter-MediumItalic.565a7104.html]
[claimscotty.vercel.app/fonts/Inter-MediumItalic.417907d2.html]
[claimscotty.vercel.app/fonts/Inter-SemiBold.dd8a55ef.html]
[claimscotty.vercel.app/fonts/Inter-SemiBold.1db6c55c.html]
[claimscotty.vercel.app/fonts/Inter-SemiBoldItalic.ac201e30.html]
[claimscotty.vercel.app/fonts/Inter-SemiBoldItalic.81678d1a.html]
[claimscotty.vercel.app/fonts/Inter-Bold.aed27700.html]
[claimscotty.vercel.app/fonts/Inter-Bold.79260e5b.html]
[claimscotty.vercel.app/fonts/Inter-BoldItalic.8ef77a03.html]
[claimscotty.vercel.app/fonts/Inter-BoldItalic.e0879d64.html]
[claimscotty.vercel.app/fonts/Inter-ExtraBold.92d16aee.html]
[claimscotty.vercel.app/fonts/Inter-ExtraBold.38bc51bc.html]
[claimscotty.vercel.app/fonts/Inter-ExtraBoldItalic.57ea76d0.html]
[claimscotty.vercel.app/fonts/Inter-ExtraBoldItalic.0e4b21eb.html]
[claimscotty.vercel.app/fonts/Inter-Black.09f4068b.html]
[claimscotty.vercel.app/fonts/Inter-Black.e3735483.html]
[claimscotty.vercel.app/fonts/Inter-BlackItalic.daa1ca3c.html]
[claimscotty.vercel.app/fonts/Inter-BlackItalic.07e69b53.html]
[claimscotty.vercel.app/fonts/Inter-roman.var.90e8f61d.html]
[claimscotty.vercel.app/fonts/Inter-italic.var.2690e3c2.html]
[claimscotty.vercel.app/css/SFMono-Regular.html]
[claimscotty.vercel.app/css/SFMono-Regulard41dd41d.html]
[claimscotty.vercel.app/css/SFMono-Regular-2.html]
[claimscotty.vercel.app/css/SFMono-Regular-3.html]
[claimscotty.vercel.app/css/SFMono-Regular-4.html]
[claimscotty.vercel.app/css/SFMono-Regular-5.html]
[claimscotty.vercel.app/css/SFMono-Medium.html]
[claimscotty.vercel.app/css/SFMono-Mediumd41dd41d.html]
[claimscotty.vercel.app/css/SFMono-Medium-2.html]
[claimscotty.vercel.app/css/SFMono-Medium-3.html]
[claimscotty.vercel.app/css/SFMono-Medium-4.html]
[claimscotty.vercel.app/css/SFMono-Medium-5.html]
[claimscotty.vercel.app/css/SFMono-Semibold.html]
[claimscotty.vercel.app/css/SFMono-Semiboldd41dd41d.html]
[claimscotty.vercel.app/css/SFMono-Semibold-2.html]
[claimscotty.vercel.app/css/SFMono-Semibold-3.html]
[claimscotty.vercel.app/css/SFMono-Semibold-4.html]
[claimscotty.vercel.app/css/SFMono-Semibold-5.html]
[claimscotty.vercel.app/css/SFMono-Bold.html]
[claimscotty.vercel.app/css/SFMono-Boldd41dd41d.html]
[claimscotty.vercel.app/css/SFMono-Bold-2.html]
[claimscotty.vercel.app/css/SFMono-Bold-3.html]
[claimscotty.vercel.app/css/SFMono-Bold-4.html]
[claimscotty.vercel.app/css/SFMono-Bold-5.html]
[claimscotty.vercel.app/css/SFProText-Regular.html]
[claimscotty.vercel.app/css/SFProText-Regulard41dd41d.html]
[claimscotty.vercel.app/css/SFProText-Regular-2.html]
[claimscotty.vercel.app/css/SFProText-Regular-3.html]
[claimscotty.vercel.app/css/SFProText-Regular-4.html]
[claimscotty.vercel.app/css/SFProText-Regular-5.html]
[claimscotty.vercel.app/css/SFProText-Semibold.html]
[claimscotty.vercel.app/css/SFProText-Semiboldd41dd41d.html]
[claimscotty.vercel.app/css/SFProText-Semibold-2.html]
[claimscotty.vercel.app/css/SFProText-Semibold-3.html]
[claimscotty.vercel.app/css/SFProText-Semibold-4.html]
[claimscotty.vercel.app/css/SFProText-Semibold-5.html]
[claimscotty.vercel.app/css/SFProText-Medium.html]
[claimscotty.vercel.app/css/SFProText-Mediumd41dd41d.html]
[claimscotty.vercel.app/css/SFProText-Medium-2.html]
[claimscotty.vercel.app/css/SFProText-Medium-3.html]
[claimscotty.vercel.app/css/SFProText-Medium-4.html]
[claimscotty.vercel.app/css/SFProText-Medium-5.html]
[claimscotty.vercel.app/css/SFProText-Bold.html]
[claimscotty.vercel.app/css/SFProText-Boldd41dd41d.html]
[claimscotty.vercel.app/css/SFProText-Bold-2.html]
[claimscotty.vercel.app/css/SFProText-Bold-3.html]
[claimscotty.vercel.app/css/SFProText-Bold-4.html]
[claimscotty.vercel.app/css/SFProText-Bold-5.html]
[claimscotty.vercel.app/css/index.html]
[claimscotty.vercel.app/index-2.html]
[claimscotty.vercel.app/index-2.html]
